<?xml version="1.0" encoding="UTF-8"?>
<!-- Generated by org.testng.reporters.JUnitReportReporter -->
<testsuite hostname="NODE105" name="Rodan_Sort.SortTest" tests="1" failures="0" timestamp="22 Sep 2016 07:39:11 GMT" time="28.892" errors="0">
  <testcase name="rodanFieldsTest1" time="28.892" classname="Rodan_Sort.SortTest"/>
</testsuite> <!-- Rodan_Sort.SortTest -->
