<?xml version="1.0" encoding="UTF-8"?>
<!-- Generated by org.testng.reporters.JUnitReportReporter -->
<testsuite hostname="NODE105" name="RodanAddProductsWaits.AddProductsWaitsTest" tests="1" failures="0" timestamp="26 Sep 2016 10:13:57 GMT" time="56.391" errors="0">
  <testcase name="testRodanFields" time="56.391" classname="RodanAddProductsWaits.AddProductsWaitsTest"/>
</testsuite> <!-- RodanAddProductsWaits.AddProductsWaitsTest -->
