<?xml version="1.0" encoding="UTF-8"?>
<!-- Generated by org.testng.reporters.JUnitReportReporter -->
<testsuite hostname="NODE105" name="Rodan_Sort.SortTest" tests="1" failures="0" timestamp="22 Sep 2016 08:04:08 GMT" time="34.061" errors="0">
  <testcase name="testRodanFields" time="34.061" classname="Rodan_Sort.SortTest"/>
</testsuite> <!-- Rodan_Sort.SortTest -->
