<?xml version="1.0" encoding="UTF-8"?>
<!-- Generated by org.testng.reporters.JUnitReportReporter -->
<testsuite hostname="NODE105" name="RodanAndProducts.AddProductsTest" tests="1" failures="0" timestamp="26 Sep 2016 08:53:40 GMT" time="193.628" errors="0">
  <testcase name="testAddProducts" time="193.628" classname="RodanAndProducts.AddProductsTest"/>
</testsuite> <!-- RodanAndProducts.AddProductsTest -->
