<?xml version="1.0" encoding="UTF-8"?>
<!-- Generated by org.testng.reporters.JUnitReportReporter -->
<testsuite hostname="NODE105" name="RodanAndProductsWaits.AddProductsWaitsTest" tests="1" failures="0" timestamp="26 Sep 2016 11:01:11 GMT" time="67.591" errors="0">
  <testcase name="testAddProducts" time="67.591" classname="RodanAndProductsWaits.AddProductsWaitsTest"/>
</testsuite> <!-- RodanAndProductsWaits.AddProductsWaitsTest -->
